<?xml version="1.0" encoding="UTF-8"?>
<testsuite name="TeamTest" tests="8" skipped="0" failures="0" errors="0" timestamp="2017-03-27T18:18:22" hostname="Epicodus-6C.local" time="0.002">
  <properties/>
  <testcase name="clear_emptiesAllTeamsFromArrayList" classname="TeamTest" time="0.001"/>
  <testcase name="all_getsAllTeams_true" classname="TeamTest" time="0.0"/>
  <testcase name="getId_TeamInstantiatesWithId_1" classname="TeamTest" time="0.0"/>
  <testcase name="addMembers_addMembersToList_true" classname="TeamTest" time="0.0"/>
  <testcase name="find_returnsTeamWithSameId_secondTeam" classname="TeamTest" time="0.0"/>
  <testcase name="Team_instantiatesCorrectly_true" classname="TeamTest" time="0.0"/>
  <testcase name="getMembers_initiallyReturnsEmptyList_ArrayList" classname="TeamTest" time="0.0"/>
  <testcase name="getName_getsNameValue_name" classname="TeamTest" time="0.0"/>
  <system-out><![CDATA[]]></system-out>
  <system-err><![CDATA[]]></system-err>
</testsuite>
