<?xml version="1.0" encoding="UTF-8"?>
<testsuite name="TeamTest" tests="10" skipped="0" failures="0" errors="0" timestamp="2017-03-27T21:30:32" hostname="Epicodus-6C.local" time="0.118">
  <properties/>
  <testcase name="getTasks_retrievesALlTasksFromDatabase_tasksList" classname="TeamTest" time="0.023"/>
  <testcase name="clear_emptiesAllTeamsFromArrayList" classname="TeamTest" time="0.008"/>
  <testcase name="all_getsAllTeams_true" classname="TeamTest" time="0.021"/>
  <testcase name="getId_TeamInstantiatesWithId_1" classname="TeamTest" time="0.009"/>
  <testcase name="find_returnsTeamWithSameId_secondTeam" classname="TeamTest" time="0.017"/>
  <testcase name="equals_returnsTrueIfNameAretheSame" classname="TeamTest" time="0.005"/>
  <testcase name="save_savesIntoDatabase_true" classname="TeamTest" time="0.012"/>
  <testcase name="Team_instantiatesCorrectly_true" classname="TeamTest" time="0.004"/>
  <testcase name="save_assignsIdToObject" classname="TeamTest" time="0.013"/>
  <testcase name="getName_getsNameValue_name" classname="TeamTest" time="0.004"/>
  <system-out><![CDATA[]]></system-out>
  <system-err><![CDATA[]]></system-err>
</testsuite>
